# JRE version: OpenJDK Runtime Environment (8.0_112-b06) (build 1.8.0_112-release-b06)
# Java VM: OpenJDK 64-Bit Server VM (25.112-b06 mixed mode windows-amd64 compressed oops)
Heap:
 PSYoungGen      total 168960K, used 52941K [0x00000000e0000000, 0x00000000eb780000, 0x0000000100000000)
  eden space 155136K, 30% used [0x00000000e0000000,0x00000000e2d97028,0x00000000e9780000)
  from space 13824K, 45% used [0x00000000eaa00000,0x00000000eb01c698,0x00000000eb780000)
  to   space 16384K, 0% used [0x00000000e9780000,0x00000000e9780000,0x00000000ea780000)
 ParOldGen       total 102912K, used 43956K [0x00000000a0000000, 0x00000000a6480000, 0x00000000e0000000)
  object space 102912K, 42% used [0x00000000a0000000,0x00000000a2aed008,0x00000000a6480000)
 Metaspace       used 60521K, capacity 63193K, committed 63256K, reserved 1103872K
  class space    used 8184K, capacity 8724K, committed 8728K, reserved 1048576K
GC Heap History (10 events):
Event: 27.634 GC heap before
{Heap before GC invocations=17 (full 2):
 PSYoungGen      total 119296K, used 116484K [0x00000000e0000000, 0x00000000e8100000, 0x0000000100000000)
  eden space 107520K, 100% used [0x00000000e0000000,0x00000000e6900000,0x00000000e6900000)
  from space 11776K, 76% used [0x00000000e7500000,0x00000000e7dc1288,0x00000000e8080000)
  to   space 12288K, 0% used [0x00000000e6900000,0x00000000e6900000,0x00000000e7500000)
 ParOldGen       total 55808K, used 24910K [0x00000000a0000000, 0x00000000a3680000, 0x00000000e0000000)
  object space 55808K, 44% used [0x00000000a0000000,0x00000000a18539b8,0x00000000a3680000)
 Metaspace       used 52566K, capacity 54466K, committed 54528K, reserved 1095680K
  class space    used 7240K, capacity 7669K, committed 7680K, reserved 1048576K
Event: 27.669 GC heap after
Heap after GC invocations=17 (full 2):
 PSYoungGen      total 119808K, used 12256K [0x00000000e0000000, 0x00000000ea580000, 0x0000000100000000)
  eden space 107520K, 0% used [0x00000000e0000000,0x00000000e0000000,0x00000000e6900000)
  from space 12288K, 99% used [0x00000000e6900000,0x00000000e74f8020,0x00000000e7500000)
  to   space 16384K, 0% used [0x00000000e9580000,0x00000000e9580000,0x00000000ea580000)
 ParOldGen       total 55808K, used 30878K [0x00000000a0000000, 0x00000000a3680000, 0x00000000e0000000)
  object space 55808K, 55% used [0x00000000a0000000,0x00000000a1e278b8,0x00000000a3680000)
 Metaspace       used 52566K, capacity 54466K, committed 54528K, reserved 1095680K
  class space    used 7240K, capacity 7669K, committed 7680K, reserved 1048576K
}
Event: 41.847 GC heap before
{Heap before GC invocations=18 (full 2):
 PSYoungGen      total 119808K, used 119776K [0x00000000e0000000, 0x00000000ea580000, 0x0000000100000000)
  eden space 107520K, 100% used [0x00000000e0000000,0x00000000e6900000,0x00000000e6900000)
  from space 12288K, 99% used [0x00000000e6900000,0x00000000e74f8020,0x00000000e7500000)
  to   space 16384K, 0% used [0x00000000e9580000,0x00000000e9580000,0x00000000ea580000)
 ParOldGen       total 55808K, used 30878K [0x00000000a0000000, 0x00000000a3680000, 0x00000000e0000000)
  object space 55808K, 55% used [0x00000000a0000000,0x00000000a1e278b8,0x00000000a3680000)
 Metaspace       used 55741K, capacity 58028K, committed 58368K, reserved 1099776K
  class space    used 7595K, capacity 8101K, committed 8192K, reserved 1048576K
Event: 41.938 GC heap after
Heap after GC invocations=18 (full 2):
 PSYoungGen      total 148992K, used 9930K [0x00000000e0000000, 0x00000000ea380000, 0x0000000100000000)
  eden space 134656K, 0% used [0x00000000e0000000,0x00000000e0000000,0x00000000e8380000)
  from space 14336K, 69% used [0x00000000e9580000,0x00000000e9f32ba0,0x00000000ea380000)
  to   space 16384K, 0% used [0x00000000e8380000,0x00000000e8380000,0x00000000e9380000)
 ParOldGen       total 55808K, used 42987K [0x00000000a0000000, 0x00000000a3680000, 0x00000000e0000000)
  object space 55808K, 77% used [0x00000000a0000000,0x00000000a29fae90,0x00000000a3680000)
 Metaspace       used 55741K, capacity 58028K, committed 58368K, reserved 1099776K
  class space    used 7595K, capacity 8101K, committed 8192K, reserved 1048576K
}
Event: 44.087 GC heap before
{Heap before GC invocations=19 (full 2):
 PSYoungGen      total 148992K, used 47080K [0x00000000e0000000, 0x00000000ea380000, 0x0000000100000000)
  eden space 134656K, 27% used [0x00000000e0000000,0x00000000e2447580,0x00000000e8380000)
  from space 14336K, 69% used [0x00000000e9580000,0x00000000e9f32ba0,0x00000000ea380000)
  to   space 16384K, 0% used [0x00000000e8380000,0x00000000e8380000,0x00000000e9380000)
 ParOldGen       total 55808K, used 42987K [0x00000000a0000000, 0x00000000a3680000, 0x00000000e0000000)
  object space 55808K, 77% used [0x00000000a0000000,0x00000000a29fae90,0x00000000a3680000)
 Metaspace       used 56749K, capacity 59139K, committed 59160K, reserved 1099776K
  class space    used 7701K, capacity 8195K, committed 8216K, reserved 1048576K
Event: 44.108 GC heap after
Heap after GC invocations=19 (full 2):
 PSYoungGen      total 151040K, used 11632K [0x00000000e0000000, 0x00000000eba80000, 0x0000000100000000)
  eden space 134656K, 0% used [0x00000000e0000000,0x00000000e0000000,0x00000000e8380000)
  from space 16384K, 70% used [0x00000000e8380000,0x00000000e8edc050,0x00000000e9380000)
  to   space 16896K, 0% used [0x00000000eaa00000,0x00000000eaa00000,0x00000000eba80000)
 ParOldGen       total 55808K, used 42995K [0x00000000a0000000, 0x00000000a3680000, 0x00000000e0000000)
  object space 55808K, 77% used [0x00000000a0000000,0x00000000a29fce90,0x00000000a3680000)
 Metaspace       used 56749K, capacity 59139K, committed 59160K, reserved 1099776K
  class space    used 7701K, capacity 8195K, committed 8216K, reserved 1048576K
}
Event: 44.108 GC heap before
{Heap before GC invocations=20 (full 3):
 PSYoungGen      total 151040K, used 11632K [0x00000000e0000000, 0x00000000eba80000, 0x0000000100000000)
  eden space 134656K, 0% used [0x00000000e0000000,0x00000000e0000000,0x00000000e8380000)
  from space 16384K, 70% used [0x00000000e8380000,0x00000000e8edc050,0x00000000e9380000)
  to   space 16896K, 0% used [0x00000000eaa00000,0x00000000eaa00000,0x00000000eba80000)
 ParOldGen       total 55808K, used 42995K [0x00000000a0000000, 0x00000000a3680000, 0x00000000e0000000)
  object space 55808K, 77% used [0x00000000a0000000,0x00000000a29fce90,0x00000000a3680000)
 Metaspace       used 56749K, capacity 59139K, committed 59160K, reserved 1099776K
  class space    used 7701K, capacity 8195K, committed 8216K, reserved 1048576K
Event: 44.610 GC heap after
Heap after GC invocations=20 (full 3):
 PSYoungGen      total 151040K, used 0K [0x00000000e0000000, 0x00000000eba80000, 0x0000000100000000)
  eden space 134656K, 0% used [0x00000000e0000000,0x00000000e0000000,0x00000000e8380000)
  from space 16384K, 0% used [0x00000000e8380000,0x00000000e8380000,0x00000000e9380000)
  to   space 16896K, 0% used [0x00000000eaa00000,0x00000000eaa00000,0x00000000eba80000)
 ParOldGen       total 102912K, used 43948K [0x00000000a0000000, 0x00000000a6480000, 0x00000000e0000000)
  object space 102912K, 42% used [0x00000000a0000000,0x00000000a2aeb008,0x00000000a6480000)
 Metaspace       used 56749K, capacity 59139K, committed 59160K, reserved 1099776K
  class space    used 7701K, capacity 8195K, committed 8216K, reserved 1048576K
}
Event: 1078.084 GC heap before
{Heap before GC invocations=21 (full 3):
 PSYoungGen      total 151040K, used 134656K [0x00000000e0000000, 0x00000000eba80000, 0x0000000100000000)
  eden space 134656K, 100% used [0x00000000e0000000,0x00000000e8380000,0x00000000e8380000)
  from space 16384K, 0% used [0x00000000e8380000,0x00000000e8380000,0x00000000e9380000)
  to   space 16896K, 0% used [0x00000000eaa00000,0x00000000eaa00000,0x00000000eba80000)
 ParOldGen       total 102912K, used 43948K [0x00000000a0000000, 0x00000000a6480000, 0x00000000e0000000)
  object space 102912K, 42% used [0x00000000a0000000,0x00000000a2aeb008,0x00000000a6480000)
 Metaspace       used 59882K, capacity 62431K, committed 62744K, reserved 1103872K
  class space    used 8096K, capacity 8641K, committed 8728K, reserved 1048576K
Event: 1085.024 GC heap after
Heap after GC invocations=21 (full 3):
 PSYoungGen      total 168960K, used 6257K [0x00000000e0000000, 0x00000000eb780000, 0x0000000100000000)
  eden space 155136K, 0% used [0x00000000e0000000,0x00000000e0000000,0x00000000e9780000)
  from space 13824K, 45% used [0x00000000eaa00000,0x00000000eb01c698,0x00000000eb780000)
  to   space 16384K, 0% used [0x00000000e9780000,0x00000000e9780000,0x00000000ea780000)
 ParOldGen       total 102912K, used 43956K [0x00000000a0000000, 0x00000000a6480000, 0x00000000e0000000)
  object space 102912K, 42% used [0x00000000a0000000,0x00000000a2aed008,0x00000000a6480000)
 Metaspace       used 59882K, capacity 62431K, committed 62744K, reserved 1103872K
  class space    used 8096K, capacity 8641K, committed 8728K, reserved 1048576K
}

